This is LuaTeX, Version 1.0.4 (TeX Live 2017/W32TeX)  (format=lualatex 2018.3.14)  24 MAR 2018 15:38
 restricted system commands enabled.
**ps1_critique
(./ps1_critique.tex
LaTeX2e <2017-04-15>
Lua module: luaotfload-main 2017/01/29 2.80001 OpenType layout system.
Lua module: lualibs 2017-02-01 2.5 ConTeXt Lua standard libraries.
Lua module: lualibs-extended 2017-02-01 2.5 ConTeXt Lua libraries -- extended co
llection.(using cache: D:/texlive/2017/texmf-var/luatex-cache/generic)
luaotfload | conf : Root cache directory is D:/texlive/2017/texmf-var/luatex-cac
he/generic/names.
luaotfload | init : Loading fontloader “fontloader-2017-02-11.lua” from kpse
-resolved path “d:/texlive/2017/texmf-dist/tex/luatex/luaotfload/fontloader-20
17-02-11.lua”.
Lua-only attribute luaotfload@state = 1
Lua-only attribute luaotfload@noligature = 2
Lua-only attribute luaotfload@syllabe = 3
luaotfload | init : Context OpenType loader version “3.027”
Inserting `luaotfload.node_processor' at position 1 in `pre_linebreak_filter'.
Inserting `luaotfload.node_processor' at position 1 in `hpack_filter'.
Inserting `luaotfload.define_font' at position 1 in `define_font'.
Lua-only attribute luaotfload_color_attribute = 4
luaotfload | conf : Root cache directory is D:/texlive/2017/texmf-var/luatex-cac
he/generic/names.
Inserting `luaotfload.aux.set_sscale_dimens' at position 1 in `luaotfload.patch_
font'.
Inserting `luaotfload.aux.patch_cambria_domh' at position 2 in `luaotfload.patch
_font'.
Inserting `luaotfload.aux.fixup_fontdata' at position 1 in `luaotfload.patch_fon
t_unsafe'.
Inserting `luaotfload.aux.set_capheight' at position 3 in `luaotfload.patch_font
'.
Inserting `luaotfload.rewrite_fontname' at position 4 in `luaotfload.patch_font'
.
luaotfload | main : initialization completed in 0.160 seconds
Babel <3.10> and hyphenation patterns for 1 language(s) loaded.
(d:/texlive/2017/texmf-dist/tex/latex/base/article.cls
Document Class: article 2014/09/29 v1.4h Standard LaTeX document class
(d:/texlive/2017/texmf-dist/tex/latex/base/size12.clo
File: size12.clo 2014/09/29 v1.4h Standard LaTeX file (size option)
luaotfload | db : Font names database loaded from D:/texlive/2017/texmf-var/luat
ex-cache/generic/names/luaotfload-names.luc(load luc: D:/texlive/2017/texmf-var/
luatex-cache/generic/fonts/otl/lmroman12-regular.luc))
\c@part=\count79
\c@section=\count80
\c@subsection=\count81
\c@subsubsection=\count82
\c@paragraph=\count83
\c@subparagraph=\count84
\c@figure=\count85
\c@table=\count86
\abovecaptionskip=\skip41
\belowcaptionskip=\skip42
\bibindent=\dimen102
)
(./macros.tex (d:/texlive/2017/texmf-dist/tex/latex/base/latexsym.sty
Package: latexsym 1998/08/17 v2.2e Standard LaTeX package (lasy symbols)
\symlasy=\mathgroup4
LaTeX Font Info:    Overwriting symbol font `lasy' in version `bold'
(Font)                  U/lasy/m/n --> U/lasy/b/n on input line 52.
)
(d:/texlive/2017/texmf-dist/tex/latex/psnfss/times.sty
Package: times 2005/04/12 PSNFSS-v9.2a (SPQR) 
)
(d:/texlive/2017/texmf-dist/tex/latex/url/url.sty
\Urlmuskip=\muskip10
Package: url 2013/09/16  ver 3.4  Verb mode for urls, etc.
)
\toppush=\skip43
\c@problemnum=\count87
\c@problempartnum=\count88
\c@exercisenum=\count89
\c@exercisepartnum=\count90
\c@totalcaptions=\count91
\c@totalart=\count92
\halffigspace=\skip44
\wholefigspace=\skip45
\figruleheight=\skip46
\figgap=\skip47
\widefigspacewidth=\skip48
\macfigfill=\skip49
\bbx=\skip50
\bby=\skip51
\savearraycolsep=\skip52
\c@theorem=\count93
\c@xample=\count94
\c@definition=\count95
\c@handouts=\count96
)
(d:/texlive/2017/texmf-dist/tex/latex/amsmath/amsmath.sty
Package: amsmath 2016/11/05 v2.16a AMS math features
\@mathmargin=\skip53

For additional information on amsmath, use the `?' option.
(d:/texlive/2017/texmf-dist/tex/latex/amsmath/amstext.sty
Package: amstext 2000/06/29 v2.01 AMS text

(d:/texlive/2017/texmf-dist/tex/latex/amsmath/amsgen.sty
File: amsgen.sty 1999/11/30 v2.0 generic functions
\@emptytoks=\toks14
\ex@=\dimen103
))
(d:/texlive/2017/texmf-dist/tex/latex/amsmath/amsbsy.sty
Package: amsbsy 1999/11/29 v1.2d Bold Symbols
\pmbraise@=\dimen104
)
(d:/texlive/2017/texmf-dist/tex/latex/amsmath/amsopn.sty
Package: amsopn 2016/03/08 v2.02 operator names
)
\inf@bad=\count97
LaTeX Info: Redefining \frac on input line 213.
\uproot@=\count98
\leftroot@=\count99
LaTeX Info: Redefining \overline on input line 375.
\classnum@=\count100
\DOTSCASE@=\count101
LaTeX Info: Redefining \ldots on input line 472.
LaTeX Info: Redefining \dots on input line 475.
LaTeX Info: Redefining \cdots on input line 596.
\Mathstrutbox@=\box26
\strutbox@=\box27
\big@size=\dimen105
LaTeX Font Info:    Redeclaring font encoding OML on input line 712.
LaTeX Font Info:    Redeclaring font encoding OMS on input line 713.
\macc@depth=\count102
\c@MaxMatrixCols=\count103
\dotsspace@=\muskip11
\c@parentequation=\count104
\dspbrk@lvl=\count105
\tag@help=\toks15
\row@=\count106
\column@=\count107
\maxfields@=\count108
\andhelp@=\toks16
\eqnshift@=\dimen106
\alignsep@=\dimen107
\tagshift@=\dimen108
\tagwidth@=\dimen109
\totwidth@=\dimen110
\lineht@=\dimen111
\@envbody=\toks17
\multlinegap=\skip54
\multlinetaggap=\skip55
\mathdisplay@stack=\toks18
LaTeX Info: Redefining \[ on input line 2817.
LaTeX Info: Redefining \] on input line 2818.
)
(d:/texlive/2017/texmf-dist/tex/latex/mdwtools/mdwlist.sty
Package: mdwlist 1996/05/02 1.1 Various list-related things
)
(d:/texlive/2017/texmf-dist/tex/latex/graphics/graphicx.sty
Package: graphicx 2014/10/28 v1.0g Enhanced LaTeX Graphics (DPC,SPQR)

(d:/texlive/2017/texmf-dist/tex/latex/graphics/keyval.sty
Package: keyval 2014/10/28 v1.15 key=value parser (DPC)
\KV@toks@=\toks19
)
(d:/texlive/2017/texmf-dist/tex/latex/graphics/graphics.sty
Package: graphics 2017/04/14 v1.1b Standard LaTeX Graphics (DPC,SPQR)

(d:/texlive/2017/texmf-dist/tex/latex/graphics/trig.sty
Package: trig 2016/01/03 v1.10 sin cos tan (DPC)
)
(d:/texlive/2017/texmf-dist/tex/latex/graphics-cfg/graphics.cfg
File: graphics.cfg 2016/06/04 v1.11 sample graphics configuration
)
Package graphics Info: Driver file: luatex.def on input line 99.

(d:/texlive/2017/texmf-dist/tex/latex/graphics-def/luatex.def
File: luatex.def 2017/01/12 v0.01h Graphics/Color for luaTeX

(d:/texlive/2017/texmf-dist/tex/generic/oberdiek/infwarerr.sty
Package: infwarerr 2016/05/16 v1.4 Providing info/warning/error messages (HO)
)
(d:/texlive/2017/texmf-dist/tex/generic/oberdiek/ltxcmds.sty
Package: ltxcmds 2016/05/16 v1.23 LaTeX kernel commands for general use (HO)
)
\Gread@gobject=\count109
))
\Gin@req@height=\dimen112
\Gin@req@width=\dimen113
)
(d:/texlive/2017/texmf-dist/tex/latex/enumitem/enumitem.sty
Package: enumitem 2011/09/28 v3.5.2 Customized lists
\labelindent=\skip56
\enit@outerparindent=\dimen114
\enit@toks=\toks20
\enit@inbox=\box28
\enitdp@description=\count110
)
(./ps1_critique.aux)
\openout1 = ps1_critique.aux

LaTeX Font Info:    Checking defaults for OML/cmm/m/it on input line 28.
LaTeX Font Info:    ... okay on input line 28.
LaTeX Font Info:    Checking defaults for T1/cmr/m/n on input line 28.
LaTeX Font Info:    ... okay on input line 28.
LaTeX Font Info:    Checking defaults for OT1/cmr/m/n on input line 28.
LaTeX Font Info:    ... okay on input line 28.
LaTeX Font Info:    Checking defaults for OMS/cmsy/m/n on input line 28.
LaTeX Font Info:    ... okay on input line 28.
LaTeX Font Info:    Checking defaults for TU/lmr/m/n on input line 28.
LaTeX Font Info:    ... okay on input line 28.
LaTeX Font Info:    Checking defaults for OMX/cmex/m/n on input line 28.
LaTeX Font Info:    ... okay on input line 28.
LaTeX Font Info:    Checking defaults for U/cmr/m/n on input line 28.
LaTeX Font Info:    ... okay on input line 28.
LaTeX Font Info:    Try loading font information for TU+ptm on input line 28.
LaTeX Font Info:    No file TUptm.fd. on input line 28.


LaTeX Font Warning: Font shape `TU/ptm/m/n' undefined
(Font)              using `TU/lmr/m/n' instead on input line 28.

(d:/texlive/2017/texmf-dist/tex/context/base/mkii/supp-pdf.mkii
[Loading MPS to PDF converter (version 2006.09.02).]
\scratchcounter=\count111
\scratchdimen=\dimen115
\scratchbox=\box29
\nofMPsegments=\count112
\nofMParguments=\count113
\everyMPshowfont=\toks21
\MPscratchCnt=\count114
\MPscratchDim=\dimen116
\MPnumerator=\count115
\makeMPintoPDFobject=\count116
\everyMPtoPDFconversion=\toks22
) (d:/texlive/2017/texmf-dist/tex/latex/oberdiek/epstopdf-base.sty
Package: epstopdf-base 2016/05/15 v2.6 Base part for package epstopdf

(d:/texlive/2017/texmf-dist/tex/latex/oberdiek/grfext.sty
Package: grfext 2016/05/16 v1.2 Manage graphics extensions (HO)

(d:/texlive/2017/texmf-dist/tex/generic/oberdiek/kvdefinekeys.sty
Package: kvdefinekeys 2016/05/16 v1.4 Define keys (HO)
))
(d:/texlive/2017/texmf-dist/tex/latex/oberdiek/kvoptions.sty
Package: kvoptions 2016/05/16 v3.12 Key value format for package options (HO)

(d:/texlive/2017/texmf-dist/tex/generic/oberdiek/kvsetkeys.sty
Package: kvsetkeys 2016/05/16 v1.17 Key value parser (HO)

(d:/texlive/2017/texmf-dist/tex/generic/oberdiek/etexcmds.sty
Package: etexcmds 2016/05/16 v1.6 Avoid name clashes with e-TeX commands (HO)

(d:/texlive/2017/texmf-dist/tex/generic/oberdiek/ifluatex.sty
Package: ifluatex 2016/05/16 v1.4 Provides the ifluatex switch (HO)
Package ifluatex Info: LuaTeX detected.
))))
(d:/texlive/2017/texmf-dist/tex/generic/oberdiek/pdftexcmds.sty
Package: pdftexcmds 2017/03/19 v0.25 Utility functions of pdfTeX for LuaTeX (HO)


(d:/texlive/2017/texmf-dist/tex/generic/oberdiek/ifpdf.sty
Package: ifpdf 2017/03/15 v3.2 Provides the ifpdf switch
)
Package pdftexcmds Info: \pdf@primitive is available.
Package pdftexcmds Info: \pdf@ifprimitive is available.
Package pdftexcmds Info: \pdfdraftmode found.
\pdftexcmds@toks=\toks23
)
Package epstopdf-base Info: Redefining graphics rule for `.eps' on input line 43
8.
Package grfext Info: Graphics extension search list:
(grfext)             [.png,.pdf,.jpg,.mps,.jpeg,.jbig2,.jb2,.PNG,.PDF,.JPG,.JPEG
,.JBIG2,.JB2,.eps]
(grfext)             \AppendGraphicsExtensions on input line 456.

(d:/texlive/2017/texmf-dist/tex/latex/latexconfig/epstopdf-sys.cfg
File: epstopdf-sys.cfg 2010/07/13 v1.3 Configuration of (r)epstopdf for TeX Live

))

LaTeX Font Warning: Font shape `TU/ptm/m/it' undefined
(Font)              using `TU/ptm/m/n' instead on input line 30.

LaTeX Font Info:    Try loading font information for U+lasy on input line 30.
(d:/texlive/2017/texmf-dist/tex/latex/base/ulasy.fd
File: ulasy.fd 1998/08/17 v2.2e LaTeX symbol font definitions
)
Underfull \hbox (badness 10000) in paragraph at lines 30--30

 []

(load luc: D:/texlive/2017/texmf-var/luatex-cache/generic/fonts/otl/lmroman17-re
gular.luc)

LaTeX Font Warning: Font shape `TU/ptm/bx/n' undefined
(Font)              using `TU/ptm/m/n' instead on input line 30.

[1

{d:/texlive/2017/texmf-var/fonts/map/pdftex/updmap/pdftex.map}]
(./ps1_critique.aux)

LaTeX Font Warning: Some font shapes were not available, defaults substituted.

)

Here is how much of LuaTeX's memory you used:
 2874 strings out of 494481
 100000,128383 words of node,token memory allocated
 435 words of node memory still in use:
   5 hlist, 2 vlist, 2 rule, 2 glue, 1 kern, 5 attribute, 50 glue_spec, 5 attrib
ute_list, 1 write nodes
   avail lists: 1:1,2:191,3:113,4:5,5:116,6:1285,7:396,8:60,9:84,10:4,11:93
 6847 multiletter control sequences out of 65536+600000
 32 fonts using 1311267 bytes
 37i,4n,21p,306b,162s stack positions out of 5000i,500n,10000p,200000b,100000s
<d:/texlive/2017/texmf-dist/fonts/opentype/public/lm/lmroman17-regular.otf><d:/t
exlive/2017/texmf-dist/fonts/opentype/public/lm/lmroman12-regular.otf><d:/texliv
e/2017/texmf-dist/fonts/type1/public/amsfonts/cm/cmmi12.pfb><d:/texlive/2017/tex
mf-dist/fonts/type1/public/amsfonts/cm/cmmi6.pfb><d:/texlive/2017/texmf-dist/fon
ts/type1/public/amsfonts/cm/cmmi8.pfb><d:/texlive/2017/texmf-dist/fonts/type1/pu
blic/amsfonts/cm/cmr12.pfb><d:/texlive/2017/texmf-dist/fonts/type1/public/amsfon
ts/cm/cmr6.pfb><d:/texlive/2017/texmf-dist/fonts/type1/public/amsfonts/cm/cmr8.p
fb><d:/texlive/2017/texmf-dist/fonts/type1/public/amsfonts/cm/cmsy10.pfb><d:/tex
live/2017/texmf-dist/fonts/type1/public/amsfonts/cm/cmsy8.pfb>
Output written on ps1_critique.pdf (1 page, 76635 bytes).

PDF statistics: 54 PDF objects out of 1000 (max. 8388607)
 36 compressed objects within 1 object stream
 0 named destinations out of 1000 (max. 131072)
 1 words of extra memory for PDF output out of 10000 (max. 100000000)

